g++ -I/home/trivedia/CLAS/workspace/clas6-trunk/build/include -I/home/trivedia/include -I. -I/opt/root/include -O2 -fPIC -w -fmessage-length=0 -pthread -m64 -I/opt/root/include -Wno-deprecated -c main.cc -o main.o
g++ -I/home/trivedia/CLAS/workspace/clas6-trunk/build/include -I/home/trivedia/include -I. -I/opt/root/include -O2 -fPIC -w -fmessage-length=0 -pthread -m64 -I/opt/root/include -Wno-deprecated -c sigma6barfunctions.cc -o sigma6barfunctions.o
g++ -I/home/trivedia/CLAS/workspace/clas6-trunk/build/include -I/home/trivedia/include -I. -I/opt/root/include -O2 -fPIC -w -fmessage-length=0 -pthread -m64 -I/opt/root/include -Wno-deprecated -L/opt/root/lib -lGui -lCore -lCint -lRIO -lNet -lHist -lGraf -lGraf3d -lGpad -lTree -lRint -lPostscript -lMatrix -lPhysics -lMathCore -lThread -pthread -lm -ldl -rdynamic main.o sigma6barfunctions.o -o 6barmethod
main.o: In function `histconfig(TH1*)':
main.cc:(.text+0x827): undefined reference to `TH1::GetXaxis() const'
main.cc:(.text+0x845): undefined reference to `TH1::GetYaxis() const'
main.cc:(.text+0x863): undefined reference to `TH1::GetXaxis() const'
main.cc:(.text+0x87c): undefined reference to `TH1::GetYaxis() const'
main.o: In function `TMatrixTBase<double>::Determinant(double&, double&) const':
main.cc:(.text._ZNK12TMatrixTBaseIdE11DeterminantERdS1_[TMatrixTBase<double>::Determinant(double&, double&) const]+0x1c): undefined reference to `TObject::AbstractMethod(char const*) const'
main.o: In function `TMatrixTBase<double>::Determinant() const':
main.cc:(.text._ZNK12TMatrixTBaseIdE11DeterminantEv[TMatrixTBase<double>::Determinant() const]+0xc): undefined reference to `TObject::AbstractMethod(char const*) const'
main.o: In function `TMatrixTBase<double>::IsA() const':
main.cc:(.text._ZNK12TMatrixTBaseIdE3IsAEv[TMatrixTBase<double>::IsA() const]+0x1): undefined reference to `TMatrixTBase<double>::Class()'
main.o: In function `TMatrixT<double>::SetColIndexArray(int*)':
main.cc:(.text._ZN8TMatrixTIdE16SetColIndexArrayEPi[TMatrixT<double>::SetColIndexArray(int*)]+0xc): undefined reference to `MayNotUse(char const*)'
main.o: In function `TMatrixT<double>::SetRowIndexArray(int*)':
main.cc:(.text._ZN8TMatrixTIdE16SetRowIndexArrayEPi[TMatrixT<double>::SetRowIndexArray(int*)]+0xc): undefined reference to `MayNotUse(char const*)'
main.o: In function `TMatrixT<double>::IsA() const':
main.cc:(.text._ZNK8TMatrixTIdE3IsAEv[TMatrixT<double>::IsA() const]+0x1): undefined reference to `TMatrixT<double>::Class()'
main.o: In function `TMatrixT<double>::Clear(char const*)':
main.cc:(.text._ZN8TMatrixTIdE5ClearEPKc[TMatrixT<double>::Clear(char const*)]+0x2b): undefined reference to `TMatrixT<double>::Delete_m(int, double*&)'
main.o: In function `TMatrixTBase<double>::~TMatrixTBase()':
main.cc:(.text._ZN12TMatrixTBaseIdED2Ev[_ZN12TMatrixTBaseIdED5Ev]+0xf): undefined reference to `TObject::~TObject()'
main.o: In function `TCanvasImp::IsA() const':
main.cc:(.text._ZNK10TCanvasImp3IsAEv[TCanvasImp::IsA() const]+0x1): undefined reference to `TCanvasImp::Class()'
main.o: In function `TMatrixT<double>::operator()(int, int) const':
main.cc:(.text._ZNK8TMatrixTIdEclEii[TMatrixT<double>::operator()(int, int) const]+0x83): undefined reference to `kAssertMsg'
main.cc:(.text._ZNK8TMatrixTIdEclEii[TMatrixT<double>::operator()(int, int) const]+0xa7): undefined reference to `Fatal(char const*, char const*, ...)'
main.cc:(.text._ZNK8TMatrixTIdEclEii[TMatrixT<double>::operator()(int, int) const]+0xd8): undefined reference to `Error(char const*, char const*, ...)'
main.o: In function `TMatrixT<double>::operator()(int, int)':
main.cc:(.text._ZN8TMatrixTIdEclEii[TMatrixT<double>::operator()(int, int)]+0x83): undefined reference to `kAssertMsg'
main.cc:(.text._ZN8TMatrixTIdEclEii[TMatrixT<double>::operator()(int, int)]+0xa7): undefined reference to `Fatal(char const*, char const*, ...)'
main.cc:(.text._ZN8TMatrixTIdEclEii[TMatrixT<double>::operator()(int, int)]+0xd8): undefined reference to `Error(char const*, char const*, ...)'
main.cc:(.text._ZN8TMatrixTIdEclEii[TMatrixT<double>::operator()(int, int)]+0x107): undefined reference to `Error(char const*, char const*, ...)'
main.o: In function `TMatrixTBase<double>::~TMatrixTBase()':
main.cc:(.text._ZN12TMatrixTBaseIdED0Ev[_ZN12TMatrixTBaseIdED5Ev]+0x13): undefined reference to `TObject::~TObject()'
main.cc:(.text._ZN12TMatrixTBaseIdED0Ev[_ZN12TMatrixTBaseIdED5Ev]+0x1c): undefined reference to `TObject::operator delete(void*)'
main.o: In function `TMatrixT<double>::~TMatrixT()':
main.cc:(.text._ZN8TMatrixTIdED2Ev[_ZN8TMatrixTIdED5Ev]+0x5b): undefined reference to `TMatrixT<double>::Delete_m(int, double*&)'
main.cc:(.text._ZN8TMatrixTIdED2Ev[_ZN8TMatrixTIdED5Ev]+0x45): undefined reference to `TObject::~TObject()'
main.o: In function `TMatrixT<double>::~TMatrixT()':
main.cc:(.text._ZN8TMatrixTIdED0Ev[_ZN8TMatrixTIdED5Ev]+0x40): undefined reference to `TObject::~TObject()'
main.cc:(.text._ZN8TMatrixTIdED0Ev[_ZN8TMatrixTIdED5Ev]+0x63): undefined reference to `TMatrixT<double>::Delete_m(int, double*&)'
main.cc:(.text._ZN8TMatrixTIdED0Ev[_ZN8TMatrixTIdED5Ev]+0x4d): undefined reference to `TObject::operator delete(void*)'
main.o: In function `GlebAnaFile::GlebAnaFile(std::basic_string<char, std::char_traits<char>, std::allocator<char> > const&, std::basic_string<char, std::char_traits<char>, std::allocator<char> > const&)':
main.cc:(.text._ZN11GlebAnaFileC2ERKSsS1_[_ZN11GlebAnaFileC5ERKSsS1_]+0x3a): undefined reference to `TStorage::ObjectAlloc(unsigned long)'
main.cc:(.text._ZN11GlebAnaFileC2ERKSsS1_[_ZN11GlebAnaFileC5ERKSsS1_]+0x5c): undefined reference to `TFile::TFile(char const*, char const*, char const*, int)'
main.cc:(.text._ZN11GlebAnaFileC2ERKSsS1_[_ZN11GlebAnaFileC5ERKSsS1_]+0xa9): undefined reference to `TObject::operator delete(void*)'
main.o: In function `main':
main.cc:(.text.startup+0x41a): undefined reference to `TStorage::ObjectAlloc(unsigned long)'
main.cc:(.text.startup+0x444): undefined reference to `TFile::TFile(char const*, char const*, char const*, int)'
main.cc:(.text.startup+0x1384): undefined reference to `TStorage::ObjectAlloc(unsigned long)'
main.cc:(.text.startup+0x13ab): undefined reference to `TH1D::TH1D(char const*, char const*, int, double, double)'
main.cc:(.text.startup+0x1414): undefined reference to `TStorage::ObjectAlloc(unsigned long)'
main.cc:(.text.startup+0x143b): undefined reference to `TH1D::TH1D(char const*, char const*, int, double, double)'
main.cc:(.text.startup+0x14a7): undefined reference to `TObject::TObject()'
main.cc:(.text.startup+0x193a): undefined reference to `TMatrixT<double>::TMatrixT(int, int)'
main.cc:(.text.startup+0x19b8): undefined reference to `TMatrixTBase<double>::SetMatrixArray(double const*, char const*)'
main.cc:(.text.startup+0x19c4): undefined reference to `TObject::TObject()'
main.cc:(.text.startup+0x1a72): undefined reference to `TMatrixT<double>::TMatrixT(TMatrixT<double> const&)'
main.cc:(.text.startup+0x1ade): undefined reference to `TObject::~TObject()'
main.cc:(.text.startup+0x1b49): undefined reference to `TMatrixT<double>::TMatrixT(int, int)'
main.cc:(.text.startup+0x1b5f): undefined reference to `TMatrixTBase<double>::SetMatrixArray(double const*, char const*)'
main.cc:(.text.startup+0x1b75): undefined reference to `TMatrixT<double>::TMatrixT(int, int)'
main.cc:(.text.startup+0x1d1e): undefined reference to `TObject::~TObject()'
main.cc:(.text.startup+0x1d70): undefined reference to `TObject::~TObject()'
main.cc:(.text.startup+0x1dc2): undefined reference to `TObject::~TObject()'
main.cc:(.text.startup+0x1e14): undefined reference to `TObject::~TObject()'
main.cc:(.text.startup+0x1e5b): undefined reference to `TH1D::TH1D(char const*, char const*, int, double, double)'
main.cc:(.text.startup+0x1e8a): undefined reference to `TH1D::TH1D(char const*, char const*, int, double, double)'
main.cc:(.text.startup+0x1eb9): undefined reference to `TH1D::TH1D(char const*, char const*, int, double, double)'
main.cc:(.text.startup+0x1ee0): undefined reference to `TH1D::SetBinContent(int, double)'
main.cc:(.text.startup+0x1eff): undefined reference to `TH1D::SetBinContent(int, double)'
main.cc:(.text.startup+0x1f24): undefined reference to `TMatrixT<double>::TMatrixT(int, int)'
main.cc:(.text.startup+0x1f55): undefined reference to `TMatrixT<double>::TMatrixT(int, int)'
main.cc:(.text.startup+0x1fb2): undefined reference to `TMatrixTBase<double>::SetMatrixArray(double const*, char const*)'
main.cc:(.text.startup+0x1fc5): undefined reference to `TMatrixT<double>::TMatrixT(TMatrixT<double> const&)'
main.cc:(.text.startup+0x2013): undefined reference to `TH1D::SetBinContent(int, double)'
main.cc:(.text.startup+0x2025): undefined reference to `TStorage::ObjectAlloc(unsigned long)'
main.cc:(.text.startup+0x2058): undefined reference to `TH1D::TH1D(char const*, char const*, int, double, double)'
main.cc:(.text.startup+0x217e): undefined reference to `TFitResultPtr::~TFitResultPtr()'
main.cc:(.text.startup+0x21e3): undefined reference to `TFitResultPtr::~TFitResultPtr()'
main.cc:(.text.startup+0x226b): undefined reference to `TFitResultPtr::~TFitResultPtr()'
main.cc:(.text.startup+0x22ec): undefined reference to `TFitResultPtr::~TFitResultPtr()'
main.cc:(.text.startup+0x279f): undefined reference to `TMatrixT<double>::Delete_m(int, double*&)'
main.cc:(.text.startup+0x27c4): undefined reference to `TMatrixT<double>::Delete_m(int, double*&)'
main.cc:(.text.startup+0x27e9): undefined reference to `TMatrixT<double>::Delete_m(int, double*&)'
main.cc:(.text.startup+0x280e): undefined reference to `TMatrixT<double>::Delete_m(int, double*&)'
main.cc:(.text.startup+0x2833): undefined reference to `TMatrixT<double>::Delete_m(int, double*&)'
main.cc:(.text.startup+0x295f): undefined reference to `TStorage::ObjectAlloc(unsigned long)'
main.cc:(.text.startup+0x297d): undefined reference to `TCanvas::TCanvas(char const*, char const*, int)'
main.cc:(.text.startup+0x2b31): undefined reference to `TStorage::ObjectAlloc(unsigned long)'
main.cc:(.text.startup+0x2b4b): undefined reference to `TCanvas::TCanvas(char const*, char const*, int)'
main.cc:(.text.startup+0x3599): undefined reference to `TStorage::ObjectAlloc(unsigned long)'
main.cc:(.text.startup+0x35b3): undefined reference to `TCanvas::TCanvas(char const*, char const*, int)'
main.cc:(.text.startup+0x4039): undefined reference to `TStorage::ObjectAlloc(unsigned long)'
main.cc:(.text.startup+0x4053): undefined reference to `TCanvas::TCanvas(char const*, char const*, int)'
main.cc:(.text.startup+0x4b29): undefined reference to `TObject::Write(char const*, int, int)'
main.cc:(.text.startup+0x4b3b): undefined reference to `TObject::Write(char const*, int, int)'
main.cc:(.text.startup+0x4b4d): undefined reference to `TObject::Write(char const*, int, int)'
main.cc:(.text.startup+0x4b60): undefined reference to `TH1D::GetBinContent(int) const'
main.cc:(.text.startup+0x4b8c): undefined reference to `TH1D::GetBinContent(int) const'
main.cc:(.text.startup+0x51e5): undefined reference to `TH1D::~TH1D()'
main.cc:(.text.startup+0x51f1): undefined reference to `TH1D::~TH1D()'
main.cc:(.text.startup+0x51fd): undefined reference to `TH1D::~TH1D()'
main.cc:(.text.startup+0x541d): undefined reference to `TObject::operator delete(void*)'
main.cc:(.text.startup+0x5556): undefined reference to `TH1D::~TH1D()'
main.cc:(.text.startup+0x5562): undefined reference to `TH1D::~TH1D()'
main.cc:(.text.startup+0x556e): undefined reference to `TH1D::~TH1D()'
main.cc:(.text.startup+0x5991): undefined reference to `TObject::operator delete(void*)'
main.cc:(.text.startup+0x5e15): undefined reference to `TObject::operator delete(void*)'
main.cc:(.text.startup+0x62a7): undefined reference to `TObject::operator delete(void*)'
main.cc:(.text.startup+0x6412): undefined reference to `TObject::operator delete(void*)'
main.cc:(.text.startup+0x64e0): undefined reference to `TObject::operator delete(void*)'
main.o:main.cc:(.text.startup+0x65c8): more undefined references to `TObject::operator delete(void*)' follow
main.o: In function `_GLOBAL__sub_I_main.cc':
main.cc:(.text.startup+0x687e): undefined reference to `TVersionCheck::TVersionCheck(int)'
main.o:(.data.rel.ro._ZTV10TCanvasImp[vtable for TCanvasImp]+0xf8): undefined reference to `TCanvasImp::ShowMembers(TMemberInspector&)'
main.o:(.data.rel.ro._ZTV10TCanvasImp[vtable for TCanvasImp]+0x100): undefined reference to `TCanvasImp::Streamer(TBuffer&)'
main.o:(.data.rel.ro._ZTV12TMatrixTBaseIdE[vtable for TMatrixTBase<double>]+0x10): undefined reference to `TObject::DoError(int, char const*, char const*, __va_list_tag*) const'
main.o:(.data.rel.ro._ZTV12TMatrixTBaseIdE[vtable for TMatrixTBase<double>]+0x28): undefined reference to `TObject::AppendPad(char const*)'
main.o:(.data.rel.ro._ZTV12TMatrixTBaseIdE[vtable for TMatrixTBase<double>]+0x30): undefined reference to `TObject::Browse(TBrowser*)'
main.o:(.data.rel.ro._ZTV12TMatrixTBaseIdE[vtable for TMatrixTBase<double>]+0x38): undefined reference to `TObject::ClassName() const'
main.o:(.data.rel.ro._ZTV12TMatrixTBaseIdE[vtable for TMatrixTBase<double>]+0x48): undefined reference to `TObject::Clone(char const*) const'
main.o:(.data.rel.ro._ZTV12TMatrixTBaseIdE[vtable for TMatrixTBase<double>]+0x50): undefined reference to `TObject::Compare(TObject const*) const'
main.o:(.data.rel.ro._ZTV12TMatrixTBaseIdE[vtable for TMatrixTBase<double>]+0x58): undefined reference to `TObject::Copy(TObject&) const'
main.o:(.data.rel.ro._ZTV12TMatrixTBaseIdE[vtable for TMatrixTBase<double>]+0x60): undefined reference to `TObject::Delete(char const*)'
main.o:(.data.rel.ro._ZTV12TMatrixTBaseIdE[vtable for TMatrixTBase<double>]+0x68): undefined reference to `TObject::DistancetoPrimitive(int, int)'
main.o:(.data.rel.ro._ZTV12TMatrixTBaseIdE[vtable for TMatrixTBase<double>]+0x70): undefined reference to `TMatrixTBase<double>::Draw(char const*)'
main.o:(.data.rel.ro._ZTV12TMatrixTBaseIdE[vtable for TMatrixTBase<double>]+0x78): undefined reference to `TObject::DrawClass() const'
main.o:(.data.rel.ro._ZTV12TMatrixTBaseIdE[vtable for TMatrixTBase<double>]+0x80): undefined reference to `TObject::DrawClone(char const*) const'
main.o:(.data.rel.ro._ZTV12TMatrixTBaseIdE[vtable for TMatrixTBase<double>]+0x88): undefined reference to `TObject::Dump() const'
main.o:(.data.rel.ro._ZTV12TMatrixTBaseIdE[vtable for TMatrixTBase<double>]+0x90): undefined reference to `TObject::Execute(char const*, char const*, int*)'
main.o:(.data.rel.ro._ZTV12TMatrixTBaseIdE[vtable for TMatrixTBase<double>]+0x98): undefined reference to `TObject::Execute(TMethod*, TObjArray*, int*)'
main.o:(.data.rel.ro._ZTV12TMatrixTBaseIdE[vtable for TMatrixTBase<double>]+0xa0): undefined reference to `TObject::ExecuteEvent(int, int, int)'
main.o:(.data.rel.ro._ZTV12TMatrixTBaseIdE[vtable for TMatrixTBase<double>]+0xa8): undefined reference to `TObject::FindObject(char const*) const'
main.o:(.data.rel.ro._ZTV12TMatrixTBaseIdE[vtable for TMatrixTBase<double>]+0xb0): undefined reference to `TObject::FindObject(TObject const*) const'
main.o:(.data.rel.ro._ZTV12TMatrixTBaseIdE[vtable for TMatrixTBase<double>]+0xb8): undefined reference to `TObject::GetDrawOption() const'
main.o:(.data.rel.ro._ZTV12TMatrixTBaseIdE[vtable for TMatrixTBase<double>]+0xc0): undefined reference to `TObject::GetUniqueID() const'
main.o:(.data.rel.ro._ZTV12TMatrixTBaseIdE[vtable for TMatrixTBase<double>]+0xc8): undefined reference to `TObject::GetName() const'
main.o:(.data.rel.ro._ZTV12TMatrixTBaseIdE[vtable for TMatrixTBase<double>]+0xd0): undefined reference to `TObject::GetIconName() const'
main.o:(.data.rel.ro._ZTV12TMatrixTBaseIdE[vtable for TMatrixTBase<double>]+0xe0): undefined reference to `TObject::GetObjectInfo(int, int) const'
main.o:(.data.rel.ro._ZTV12TMatrixTBaseIdE[vtable for TMatrixTBase<double>]+0xe8): undefined reference to `TObject::GetTitle() const'
main.o:(.data.rel.ro._ZTV12TMatrixTBaseIdE[vtable for TMatrixTBase<double>]+0xf0): undefined reference to `TObject::HandleTimer(TTimer*)'
main.o:(.data.rel.ro._ZTV12TMatrixTBaseIdE[vtable for TMatrixTBase<double>]+0xf8): undefined reference to `TObject::Hash() const'
main.o:(.data.rel.ro._ZTV12TMatrixTBaseIdE[vtable for TMatrixTBase<double>]+0x100): undefined reference to `TObject::InheritsFrom(char const*) const'
main.o:(.data.rel.ro._ZTV12TMatrixTBaseIdE[vtable for TMatrixTBase<double>]+0x108): undefined reference to `TObject::InheritsFrom(TClass const*) const'
main.o:(.data.rel.ro._ZTV12TMatrixTBaseIdE[vtable for TMatrixTBase<double>]+0x110): undefined reference to `TObject::Inspect() const'
main.o:(.data.rel.ro._ZTV12TMatrixTBaseIdE[vtable for TMatrixTBase<double>]+0x118): undefined reference to `TObject::IsFolder() const'
main.o:(.data.rel.ro._ZTV12TMatrixTBaseIdE[vtable for TMatrixTBase<double>]+0x120): undefined reference to `TObject::IsEqual(TObject const*) const'
main.o:(.data.rel.ro._ZTV12TMatrixTBaseIdE[vtable for TMatrixTBase<double>]+0x130): undefined reference to `TObject::Notify()'
main.o:(.data.rel.ro._ZTV12TMatrixTBaseIdE[vtable for TMatrixTBase<double>]+0x138): undefined reference to `TObject::ls(char const*) const'
main.o:(.data.rel.ro._ZTV12TMatrixTBaseIdE[vtable for TMatrixTBase<double>]+0x140): undefined reference to `TObject::Paint(char const*)'
main.o:(.data.rel.ro._ZTV12TMatrixTBaseIdE[vtable for TMatrixTBase<double>]+0x148): undefined reference to `TObject::Pop()'
main.o:(.data.rel.ro._ZTV12TMatrixTBaseIdE[vtable for TMatrixTBase<double>]+0x150): undefined reference to `TMatrixTBase<double>::Print(char const*) const'
main.o:(.data.rel.ro._ZTV12TMatrixTBaseIdE[vtable for TMatrixTBase<double>]+0x158): undefined reference to `TObject::Read(char const*)'
main.o:(.data.rel.ro._ZTV12TMatrixTBaseIdE[vtable for TMatrixTBase<double>]+0x160): undefined reference to `TObject::RecursiveRemove(TObject*)'
main.o:(.data.rel.ro._ZTV12TMatrixTBaseIdE[vtable for TMatrixTBase<double>]+0x168): undefined reference to `TObject::SaveAs(char const*, char const*) const'
main.o:(.data.rel.ro._ZTV12TMatrixTBaseIdE[vtable for TMatrixTBase<double>]+0x170): undefined reference to `TObject::SavePrimitive(std::basic_ostream<char, std::char_traits<char> >&, char const*)'
main.o:(.data.rel.ro._ZTV12TMatrixTBaseIdE[vtable for TMatrixTBase<double>]+0x178): undefined reference to `TObject::SetDrawOption(char const*)'
main.o:(.data.rel.ro._ZTV12TMatrixTBaseIdE[vtable for TMatrixTBase<double>]+0x180): undefined reference to `TObject::SetUniqueID(unsigned int)'
main.o:(.data.rel.ro._ZTV12TMatrixTBaseIdE[vtable for TMatrixTBase<double>]+0x188): undefined reference to `TObject::UseCurrentStyle()'
main.o:(.data.rel.ro._ZTV12TMatrixTBaseIdE[vtable for TMatrixTBase<double>]+0x190): undefined reference to `TObject::Write(char const*, int, int)'
main.o:(.data.rel.ro._ZTV12TMatrixTBaseIdE[vtable for TMatrixTBase<double>]+0x198): undefined reference to `TObject::Write(char const*, int, int) const'
main.o:(.data.rel.ro._ZTV12TMatrixTBaseIdE[vtable for TMatrixTBase<double>]+0x1a0): undefined reference to `TObject::Info(char const*, char const*, ...) const'
main.o:(.data.rel.ro._ZTV12TMatrixTBaseIdE[vtable for TMatrixTBase<double>]+0x1a8): undefined reference to `TObject::Warning(char const*, char const*, ...) const'
main.o:(.data.rel.ro._ZTV12TMatrixTBaseIdE[vtable for TMatrixTBase<double>]+0x1b0): undefined reference to `TObject::Error(char const*, char const*, ...) const'
main.o:(.data.rel.ro._ZTV12TMatrixTBaseIdE[vtable for TMatrixTBase<double>]+0x1b8): undefined reference to `TObject::SysError(char const*, char const*, ...) const'
main.o:(.data.rel.ro._ZTV12TMatrixTBaseIdE[vtable for TMatrixTBase<double>]+0x1c0): undefined reference to `TObject::Fatal(char const*, char const*, ...) const'
main.o:(.data.rel.ro._ZTV12TMatrixTBaseIdE[vtable for TMatrixTBase<double>]+0x1d0): undefined reference to `TMatrixTBase<double>::ShowMembers(TMemberInspector&)'
main.o:(.data.rel.ro._ZTV12TMatrixTBaseIdE[vtable for TMatrixTBase<double>]+0x1d8): undefined reference to `TMatrixTBase<double>::Streamer(TBuffer&)'
main.o:(.data.rel.ro._ZTV12TMatrixTBaseIdE[vtable for TMatrixTBase<double>]+0x220): undefined reference to `TMatrixTBase<double>::SetMatrixArray(double const*, char const*)'
main.o:(.data.rel.ro._ZTV12TMatrixTBaseIdE[vtable for TMatrixTBase<double>]+0x228): undefined reference to `TMatrixTBase<double>::IsSymmetric() const'
main.o:(.data.rel.ro._ZTV12TMatrixTBaseIdE[vtable for TMatrixTBase<double>]+0x240): undefined reference to `TMatrixTBase<double>::GetMatrix2Array(double*, char const*) const'
main.o:(.data.rel.ro._ZTV12TMatrixTBaseIdE[vtable for TMatrixTBase<double>]+0x248): undefined reference to `TMatrixTBase<double>::InsertRow(int, int, double const*, int)'
main.o:(.data.rel.ro._ZTV12TMatrixTBaseIdE[vtable for TMatrixTBase<double>]+0x250): undefined reference to `TMatrixTBase<double>::ExtractRow(int, int, double*, int) const'
main.o:(.data.rel.ro._ZTV12TMatrixTBaseIdE[vtable for TMatrixTBase<double>]+0x258): undefined reference to `TMatrixTBase<double>::Shift(int, int)'
main.o:(.data.rel.ro._ZTV12TMatrixTBaseIdE[vtable for TMatrixTBase<double>]+0x280): undefined reference to `TMatrixTBase<double>::Zero()'
main.o:(.data.rel.ro._ZTV12TMatrixTBaseIdE[vtable for TMatrixTBase<double>]+0x288): undefined reference to `TMatrixTBase<double>::Abs()'
main.o:(.data.rel.ro._ZTV12TMatrixTBaseIdE[vtable for TMatrixTBase<double>]+0x290): undefined reference to `TMatrixTBase<double>::Sqr()'
main.o:(.data.rel.ro._ZTV12TMatrixTBaseIdE[vtable for TMatrixTBase<double>]+0x298): undefined reference to `TMatrixTBase<double>::Sqrt()'
main.o:(.data.rel.ro._ZTV12TMatrixTBaseIdE[vtable for TMatrixTBase<double>]+0x2a0): undefined reference to `TMatrixTBase<double>::UnitMatrix()'
main.o:(.data.rel.ro._ZTV12TMatrixTBaseIdE[vtable for TMatrixTBase<double>]+0x2a8): undefined reference to `TMatrixTBase<double>::NormByDiag(TVectorT<double> const&, char const*)'
main.o:(.data.rel.ro._ZTV12TMatrixTBaseIdE[vtable for TMatrixTBase<double>]+0x2b0): undefined reference to `TMatrixTBase<double>::RowNorm() const'
main.o:(.data.rel.ro._ZTV12TMatrixTBaseIdE[vtable for TMatrixTBase<double>]+0x2b8): undefined reference to `TMatrixTBase<double>::ColNorm() const'
main.o:(.data.rel.ro._ZTV12TMatrixTBaseIdE[vtable for TMatrixTBase<double>]+0x2c0): undefined reference to `TMatrixTBase<double>::E2Norm() const'
main.o:(.data.rel.ro._ZTV12TMatrixTBaseIdE[vtable for TMatrixTBase<double>]+0x2c8): undefined reference to `TMatrixTBase<double>::NonZeros() const'
main.o:(.data.rel.ro._ZTV12TMatrixTBaseIdE[vtable for TMatrixTBase<double>]+0x2d0): undefined reference to `TMatrixTBase<double>::Sum() const'
main.o:(.data.rel.ro._ZTV12TMatrixTBaseIdE[vtable for TMatrixTBase<double>]+0x2d8): undefined reference to `TMatrixTBase<double>::Min() const'
main.o:(.data.rel.ro._ZTV12TMatrixTBaseIdE[vtable for TMatrixTBase<double>]+0x2e0): undefined reference to `TMatrixTBase<double>::Max() const'
main.o:(.data.rel.ro._ZTV12TMatrixTBaseIdE[vtable for TMatrixTBase<double>]+0x2f8): undefined reference to `TMatrixTBase<double>::Apply(TElementActionT<double> const&)'
main.o:(.data.rel.ro._ZTV12TMatrixTBaseIdE[vtable for TMatrixTBase<double>]+0x300): undefined reference to `TMatrixTBase<double>::Apply(TElementPosActionT<double> const&)'
main.o:(.data.rel.ro._ZTV12TMatrixTBaseIdE[vtable for TMatrixTBase<double>]+0x308): undefined reference to `TMatrixTBase<double>::Randomize(double, double, double&)'
main.o:(.data.rel.ro._ZTV8TMatrixTIdE[vtable for TMatrixT<double>]+0x10): undefined reference to `TObject::DoError(int, char const*, char const*, __va_list_tag*) const'
main.o:(.data.rel.ro._ZTV8TMatrixTIdE[vtable for TMatrixT<double>]+0x28): undefined reference to `TObject::AppendPad(char const*)'
main.o:(.data.rel.ro._ZTV8TMatrixTIdE[vtable for TMatrixT<double>]+0x30): undefined reference to `TObject::Browse(TBrowser*)'
main.o:(.data.rel.ro._ZTV8TMatrixTIdE[vtable for TMatrixT<double>]+0x38): undefined reference to `TObject::ClassName() const'
main.o:(.data.rel.ro._ZTV8TMatrixTIdE[vtable for TMatrixT<double>]+0x48): undefined reference to `TObject::Clone(char const*) const'
main.o:(.data.rel.ro._ZTV8TMatrixTIdE[vtable for TMatrixT<double>]+0x50): undefined reference to `TObject::Compare(TObject const*) const'
main.o:(.data.rel.ro._ZTV8TMatrixTIdE[vtable for TMatrixT<double>]+0x58): undefined reference to `TObject::Copy(TObject&) const'
main.o:(.data.rel.ro._ZTV8TMatrixTIdE[vtable for TMatrixT<double>]+0x60): undefined reference to `TObject::Delete(char const*)'
main.o:(.data.rel.ro._ZTV8TMatrixTIdE[vtable for TMatrixT<double>]+0x68): undefined reference to `TObject::DistancetoPrimitive(int, int)'
main.o:(.data.rel.ro._ZTV8TMatrixTIdE[vtable for TMatrixT<double>]+0x70): undefined reference to `TMatrixTBase<double>::Draw(char const*)'
main.o:(.data.rel.ro._ZTV8TMatrixTIdE[vtable for TMatrixT<double>]+0x78): undefined reference to `TObject::DrawClass() const'
main.o:(.data.rel.ro._ZTV8TMatrixTIdE[vtable for TMatrixT<double>]+0x80): undefined reference to `TObject::DrawClone(char const*) const'
main.o:(.data.rel.ro._ZTV8TMatrixTIdE[vtable for TMatrixT<double>]+0x88): undefined reference to `TObject::Dump() const'
main.o:(.data.rel.ro._ZTV8TMatrixTIdE[vtable for TMatrixT<double>]+0x90): undefined reference to `TObject::Execute(char const*, char const*, int*)'
main.o:(.data.rel.ro._ZTV8TMatrixTIdE[vtable for TMatrixT<double>]+0x98): undefined reference to `TObject::Execute(TMethod*, TObjArray*, int*)'
main.o:(.data.rel.ro._ZTV8TMatrixTIdE[vtable for TMatrixT<double>]+0xa0): undefined reference to `TObject::ExecuteEvent(int, int, int)'
main.o:(.data.rel.ro._ZTV8TMatrixTIdE[vtable for TMatrixT<double>]+0xa8): undefined reference to `TObject::FindObject(char const*) const'
main.o:(.data.rel.ro._ZTV8TMatrixTIdE[vtable for TMatrixT<double>]+0xb0): undefined reference to `TObject::FindObject(TObject const*) const'
main.o:(.data.rel.ro._ZTV8TMatrixTIdE[vtable for TMatrixT<double>]+0xb8): undefined reference to `TObject::GetDrawOption() const'
main.o:(.data.rel.ro._ZTV8TMatrixTIdE[vtable for TMatrixT<double>]+0xc0): undefined reference to `TObject::GetUniqueID() const'
main.o:(.data.rel.ro._ZTV8TMatrixTIdE[vtable for TMatrixT<double>]+0xc8): undefined reference to `TObject::GetName() const'
main.o:(.data.rel.ro._ZTV8TMatrixTIdE[vtable for TMatrixT<double>]+0xd0): undefined reference to `TObject::GetIconName() const'
main.o:(.data.rel.ro._ZTV8TMatrixTIdE[vtable for TMatrixT<double>]+0xe0): undefined reference to `TObject::GetObjectInfo(int, int) const'
main.o:(.data.rel.ro._ZTV8TMatrixTIdE[vtable for TMatrixT<double>]+0xe8): undefined reference to `TObject::GetTitle() const'
main.o:(.data.rel.ro._ZTV8TMatrixTIdE[vtable for TMatrixT<double>]+0xf0): undefined reference to `TObject::HandleTimer(TTimer*)'
main.o:(.data.rel.ro._ZTV8TMatrixTIdE[vtable for TMatrixT<double>]+0xf8): undefined reference to `TObject::Hash() const'
main.o:(.data.rel.ro._ZTV8TMatrixTIdE[vtable for TMatrixT<double>]+0x100): undefined reference to `TObject::InheritsFrom(char const*) const'
main.o:(.data.rel.ro._ZTV8TMatrixTIdE[vtable for TMatrixT<double>]+0x108): undefined reference to `TObject::InheritsFrom(TClass const*) const'
main.o:(.data.rel.ro._ZTV8TMatrixTIdE[vtable for TMatrixT<double>]+0x110): undefined reference to `TObject::Inspect() const'
main.o:(.data.rel.ro._ZTV8TMatrixTIdE[vtable for TMatrixT<double>]+0x118): undefined reference to `TObject::IsFolder() const'
main.o:(.data.rel.ro._ZTV8TMatrixTIdE[vtable for TMatrixT<double>]+0x120): undefined reference to `TObject::IsEqual(TObject const*) const'
main.o:(.data.rel.ro._ZTV8TMatrixTIdE[vtable for TMatrixT<double>]+0x130): undefined reference to `TObject::Notify()'
main.o:(.data.rel.ro._ZTV8TMatrixTIdE[vtable for TMatrixT<double>]+0x138): undefined reference to `TObject::ls(char const*) const'
main.o:(.data.rel.ro._ZTV8TMatrixTIdE[vtable for TMatrixT<double>]+0x140): undefined reference to `TObject::Paint(char const*)'
main.o:(.data.rel.ro._ZTV8TMatrixTIdE[vtable for TMatrixT<double>]+0x148): undefined reference to `TObject::Pop()'
main.o:(.data.rel.ro._ZTV8TMatrixTIdE[vtable for TMatrixT<double>]+0x150): undefined reference to `TMatrixTBase<double>::Print(char const*) const'
main.o:(.data.rel.ro._ZTV8TMatrixTIdE[vtable for TMatrixT<double>]+0x158): undefined reference to `TObject::Read(char const*)'
main.o:(.data.rel.ro._ZTV8TMatrixTIdE[vtable for TMatrixT<double>]+0x160): undefined reference to `TObject::RecursiveRemove(TObject*)'
main.o:(.data.rel.ro._ZTV8TMatrixTIdE[vtable for TMatrixT<double>]+0x168): undefined reference to `TObject::SaveAs(char const*, char const*) const'
main.o:(.data.rel.ro._ZTV8TMatrixTIdE[vtable for TMatrixT<double>]+0x170): undefined reference to `TObject::SavePrimitive(std::basic_ostream<char, std::char_traits<char> >&, char const*)'
main.o:(.data.rel.ro._ZTV8TMatrixTIdE[vtable for TMatrixT<double>]+0x178): undefined reference to `TObject::SetDrawOption(char const*)'
main.o:(.data.rel.ro._ZTV8TMatrixTIdE[vtable for TMatrixT<double>]+0x180): undefined reference to `TObject::SetUniqueID(unsigned int)'
main.o:(.data.rel.ro._ZTV8TMatrixTIdE[vtable for TMatrixT<double>]+0x188): undefined reference to `TObject::UseCurrentStyle()'
main.o:(.data.rel.ro._ZTV8TMatrixTIdE[vtable for TMatrixT<double>]+0x190): undefined reference to `TObject::Write(char const*, int, int)'
main.o:(.data.rel.ro._ZTV8TMatrixTIdE[vtable for TMatrixT<double>]+0x198): undefined reference to `TObject::Write(char const*, int, int) const'
main.o:(.data.rel.ro._ZTV8TMatrixTIdE[vtable for TMatrixT<double>]+0x1a0): undefined reference to `TObject::Info(char const*, char const*, ...) const'
main.o:(.data.rel.ro._ZTV8TMatrixTIdE[vtable for TMatrixT<double>]+0x1a8): undefined reference to `TObject::Warning(char const*, char const*, ...) const'
main.o:(.data.rel.ro._ZTV8TMatrixTIdE[vtable for TMatrixT<double>]+0x1b0): undefined reference to `TObject::Error(char const*, char const*, ...) const'
main.o:(.data.rel.ro._ZTV8TMatrixTIdE[vtable for TMatrixT<double>]+0x1b8): undefined reference to `TObject::SysError(char const*, char const*, ...) const'
main.o:(.data.rel.ro._ZTV8TMatrixTIdE[vtable for TMatrixT<double>]+0x1c0): undefined reference to `TObject::Fatal(char const*, char const*, ...) const'
main.o:(.data.rel.ro._ZTV8TMatrixTIdE[vtable for TMatrixT<double>]+0x1d0): undefined reference to `TMatrixT<double>::ShowMembers(TMemberInspector&)'
main.o:(.data.rel.ro._ZTV8TMatrixTIdE[vtable for TMatrixT<double>]+0x1d8): undefined reference to `TMatrixT<double>::Streamer(TBuffer&)'
main.o:(.data.rel.ro._ZTV8TMatrixTIdE[vtable for TMatrixT<double>]+0x220): undefined reference to `TMatrixTBase<double>::SetMatrixArray(double const*, char const*)'
main.o:(.data.rel.ro._ZTV8TMatrixTIdE[vtable for TMatrixT<double>]+0x228): undefined reference to `TMatrixTBase<double>::IsSymmetric() const'
main.o:(.data.rel.ro._ZTV8TMatrixTIdE[vtable for TMatrixT<double>]+0x230): undefined reference to `TMatrixT<double>::GetSub(int, int, int, int, TMatrixTBase<double>&, char const*) const'
main.o:(.data.rel.ro._ZTV8TMatrixTIdE[vtable for TMatrixT<double>]+0x238): undefined reference to `TMatrixT<double>::SetSub(int, int, TMatrixTBase<double> const&)'
main.o:(.data.rel.ro._ZTV8TMatrixTIdE[vtable for TMatrixT<double>]+0x240): undefined reference to `TMatrixTBase<double>::GetMatrix2Array(double*, char const*) const'
main.o:(.data.rel.ro._ZTV8TMatrixTIdE[vtable for TMatrixT<double>]+0x248): undefined reference to `TMatrixTBase<double>::InsertRow(int, int, double const*, int)'
main.o:(.data.rel.ro._ZTV8TMatrixTIdE[vtable for TMatrixT<double>]+0x250): undefined reference to `TMatrixTBase<double>::ExtractRow(int, int, double*, int) const'
main.o:(.data.rel.ro._ZTV8TMatrixTIdE[vtable for TMatrixT<double>]+0x258): undefined reference to `TMatrixTBase<double>::Shift(int, int)'
main.o:(.data.rel.ro._ZTV8TMatrixTIdE[vtable for TMatrixT<double>]+0x260): undefined reference to `TMatrixT<double>::ResizeTo(int, int, int)'
main.o:(.data.rel.ro._ZTV8TMatrixTIdE[vtable for TMatrixT<double>]+0x268): undefined reference to `TMatrixT<double>::ResizeTo(int, int, int, int, int)'
main.o:(.data.rel.ro._ZTV8TMatrixTIdE[vtable for TMatrixT<double>]+0x270): undefined reference to `TMatrixT<double>::Determinant() const'
main.o:(.data.rel.ro._ZTV8TMatrixTIdE[vtable for TMatrixT<double>]+0x278): undefined reference to `TMatrixT<double>::Determinant(double&, double&) const'
main.o:(.data.rel.ro._ZTV8TMatrixTIdE[vtable for TMatrixT<double>]+0x280): undefined reference to `TMatrixTBase<double>::Zero()'
main.o:(.data.rel.ro._ZTV8TMatrixTIdE[vtable for TMatrixT<double>]+0x288): undefined reference to `TMatrixTBase<double>::Abs()'
main.o:(.data.rel.ro._ZTV8TMatrixTIdE[vtable for TMatrixT<double>]+0x290): undefined reference to `TMatrixTBase<double>::Sqr()'
main.o:(.data.rel.ro._ZTV8TMatrixTIdE[vtable for TMatrixT<double>]+0x298): undefined reference to `TMatrixTBase<double>::Sqrt()'
main.o:(.data.rel.ro._ZTV8TMatrixTIdE[vtable for TMatrixT<double>]+0x2a0): undefined reference to `TMatrixTBase<double>::UnitMatrix()'
main.o:(.data.rel.ro._ZTV8TMatrixTIdE[vtable for TMatrixT<double>]+0x2a8): undefined reference to `TMatrixTBase<double>::NormByDiag(TVectorT<double> const&, char const*)'
main.o:(.data.rel.ro._ZTV8TMatrixTIdE[vtable for TMatrixT<double>]+0x2b0): undefined reference to `TMatrixTBase<double>::RowNorm() const'
main.o:(.data.rel.ro._ZTV8TMatrixTIdE[vtable for TMatrixT<double>]+0x2b8): undefined reference to `TMatrixTBase<double>::ColNorm() const'
main.o:(.data.rel.ro._ZTV8TMatrixTIdE[vtable for TMatrixT<double>]+0x2c0): undefined reference to `TMatrixTBase<double>::E2Norm() const'
main.o:(.data.rel.ro._ZTV8TMatrixTIdE[vtable for TMatrixT<double>]+0x2c8): undefined reference to `TMatrixTBase<double>::NonZeros() const'
main.o:(.data.rel.ro._ZTV8TMatrixTIdE[vtable for TMatrixT<double>]+0x2d0): undefined reference to `TMatrixTBase<double>::Sum() const'
main.o:(.data.rel.ro._ZTV8TMatrixTIdE[vtable for TMatrixT<double>]+0x2d8): undefined reference to `TMatrixTBase<double>::Min() const'
main.o:(.data.rel.ro._ZTV8TMatrixTIdE[vtable for TMatrixT<double>]+0x2e0): undefined reference to `TMatrixTBase<double>::Max() const'
main.o:(.data.rel.ro._ZTV8TMatrixTIdE[vtable for TMatrixT<double>]+0x2f8): undefined reference to `TMatrixTBase<double>::Apply(TElementActionT<double> const&)'
main.o:(.data.rel.ro._ZTV8TMatrixTIdE[vtable for TMatrixT<double>]+0x300): undefined reference to `TMatrixTBase<double>::Apply(TElementPosActionT<double> const&)'
main.o:(.data.rel.ro._ZTV8TMatrixTIdE[vtable for TMatrixT<double>]+0x308): undefined reference to `TMatrixTBase<double>::Randomize(double, double, double&)'
main.o:(.data.rel.ro._ZTI12TMatrixTBaseIdE[typeinfo for TMatrixTBase<double>]+0x10): undefined reference to `typeinfo for TObject'
sigma6barfunctions.o: In function `calc_sigmabars(TMatrixT<double> const&, TMatrixT<double>, TMatrixT<double>&)':
sigma6barfunctions.cc:(.text+0x3f): undefined reference to `TMatrixT<double>::TMatrixT(TMatrixT<double> const&)'
sigma6barfunctions.cc:(.text+0x4e): undefined reference to `TMatrixT<double>::Transpose(TMatrixT<double> const&)'
sigma6barfunctions.cc:(.text+0x68): undefined reference to `TMatrixT<double> operator*<double>(TMatrixT<double> const&, TMatrixT<double> const&)'
sigma6barfunctions.cc:(.text+0x76): undefined reference to `TMatrixT<double>::Invert(double*)'
sigma6barfunctions.cc:(.text+0x90): undefined reference to `TMatrixT<double> operator*<double>(TMatrixT<double> const&, TMatrixT<double> const&)'
sigma6barfunctions.cc:(.text+0x11c): undefined reference to `TMatrixTBase<double>::SetMatrixArray(double const*, char const*)'
sigma6barfunctions.cc:(.text+0x130): undefined reference to `TMatrixT<double>::operator*=(double)'
sigma6barfunctions.cc:(.text+0x171): undefined reference to `TMatrixT<double> operator*<double>(TMatrixT<double> const&, TMatrixT<double> const&)'
sigma6barfunctions.cc:(.text+0x184): undefined reference to `TMatrixT<double>::operator=(TMatrixT<double> const&)'
sigma6barfunctions.cc:(.text+0x1d4): undefined reference to `TObject::~TObject()'
sigma6barfunctions.cc:(.text+0x22c): undefined reference to `TObject::~TObject()'
sigma6barfunctions.cc:(.text+0x271): undefined reference to `TObject::~TObject()'
sigma6barfunctions.cc:(.text+0x2b2): undefined reference to `TObject::~TObject()'
sigma6barfunctions.cc:(.text+0x2f4): undefined reference to `TMatrixT<double>::Delete_m(int, double*&)'
sigma6barfunctions.cc:(.text+0x319): undefined reference to `TMatrixT<double>::Delete_m(int, double*&)'
sigma6barfunctions.cc:(.text+0x33e): undefined reference to `TMatrixT<double>::Delete_m(int, double*&)'
sigma6barfunctions.cc:(.text+0x363): undefined reference to `TMatrixT<double>::Delete_m(int, double*&)'
sigma6barfunctions.o: In function `calc_sigmabars_efficient(TMatrixT<double> const&, TMatrixT<double>, TMatrixT<double>&)':
sigma6barfunctions.cc:(.text+0x44f): undefined reference to `TMatrixT<double>::TMatrixT(TMatrixT<double> const&)'
sigma6barfunctions.cc:(.text+0x4d4): undefined reference to `TMatrixTBase<double>::SetMatrixArray(double const*, char const*)'
sigma6barfunctions.cc:(.text+0x4e8): undefined reference to `TMatrixT<double>::operator*=(double)'
sigma6barfunctions.cc:(.text+0x529): undefined reference to `TMatrixT<double> operator*<double>(TMatrixT<double> const&, TMatrixT<double> const&)'
sigma6barfunctions.cc:(.text+0x53c): undefined reference to `TMatrixT<double>::operator=(TMatrixT<double> const&)'
sigma6barfunctions.cc:(.text+0x58c): undefined reference to `TObject::~TObject()'
sigma6barfunctions.cc:(.text+0x5e0): undefined reference to `TObject::~TObject()'
sigma6barfunctions.cc:(.text+0x622): undefined reference to `TMatrixT<double>::Delete_m(int, double*&)'
sigma6barfunctions.cc:(.text+0x647): undefined reference to `TMatrixT<double>::Delete_m(int, double*&)'
sigma6barfunctions.o: In function `calc_sigmabars_error(TMatrixT<double> const&, TMatrixT<double> const&, TMatrixT<double> const&, TMatrixT<double> const&, TMatrixT<double>&)':
sigma6barfunctions.cc:(.text+0x713): undefined reference to `TMatrixT<double>::TMatrixT(TMatrixT<double> const&)'
sigma6barfunctions.cc:(.text+0x720): undefined reference to `TMatrixT<double>::Transpose(TMatrixT<double> const&)'
sigma6barfunctions.cc:(.text+0x735): undefined reference to `TMatrixT<double> operator*<double>(TMatrixT<double> const&, TMatrixT<double> const&)'
sigma6barfunctions.cc:(.text+0x744): undefined reference to `TMatrixT<double>::Invert(double*)'
sigma6barfunctions.cc:(.text+0x75e): undefined reference to `TMatrixT<double> operator*<double>(TMatrixT<double> const&, TMatrixT<double> const&)'
sigma6barfunctions.cc:(.text+0x8db): undefined reference to `TObject::~TObject()'
sigma6barfunctions.cc:(.text+0x925): undefined reference to `TObject::~TObject()'
sigma6barfunctions.cc:(.text+0x95c): undefined reference to `TObject::~TObject()'
sigma6barfunctions.cc:(.text+0x998): undefined reference to `TMatrixT<double>::Delete_m(int, double*&)'
sigma6barfunctions.cc:(.text+0x9b3): undefined reference to `TMatrixT<double>::Delete_m(int, double*&)'
sigma6barfunctions.cc:(.text+0x9d1): undefined reference to `TMatrixT<double>::Delete_m(int, double*&)'
sigma6barfunctions.o: In function `calc_sigmabars2(TMatrixT<double> const&, TMatrixT<double>, TMatrixT<double>&)':
sigma6barfunctions.cc:(.text+0xf4b): undefined reference to `TMatrixT<double>::TMatrixT(TMatrixT<double> const&)'
sigma6barfunctions.cc:(.text+0xf5a): undefined reference to `TMatrixT<double>::Transpose(TMatrixT<double> const&)'
sigma6barfunctions.cc:(.text+0xf74): undefined reference to `TMatrixT<double> operator*<double>(TMatrixT<double> const&, TMatrixT<double> const&)'
sigma6barfunctions.cc:(.text+0xf82): undefined reference to `TMatrixT<double>::Invert(double*)'
sigma6barfunctions.cc:(.text+0xf9c): undefined reference to `TMatrixT<double> operator*<double>(TMatrixT<double> const&, TMatrixT<double> const&)'
sigma6barfunctions.cc:(.text+0xfb0): undefined reference to `TMatrixT<double>::operator*=(double)'
sigma6barfunctions.cc:(.text+0x1027): undefined reference to `TMatrixTBase<double>::SetMatrixArray(double const*, char const*)'
sigma6barfunctions.cc:(.text+0x105d): undefined reference to `TMatrixT<double> operator*<double>(TMatrixT<double> const&, TMatrixT<double> const&)'
sigma6barfunctions.cc:(.text+0x106c): undefined reference to `TMatrixT<double>::operator=(TMatrixT<double> const&)'
sigma6barfunctions.cc:(.text+0x10bc): undefined reference to `TObject::~TObject()'
sigma6barfunctions.cc:(.text+0x1101): undefined reference to `TObject::~TObject()'
sigma6barfunctions.cc:(.text+0x1146): undefined reference to `TObject::~TObject()'
sigma6barfunctions.cc:(.text+0x1187): undefined reference to `TObject::~TObject()'
sigma6barfunctions.cc:(.text+0x11c9): undefined reference to `TMatrixT<double>::Delete_m(int, double*&)'
sigma6barfunctions.cc:(.text+0x11ee): undefined reference to `TMatrixT<double>::Delete_m(int, double*&)'
sigma6barfunctions.cc:(.text+0x1213): undefined reference to `TMatrixT<double>::Delete_m(int, double*&)'
sigma6barfunctions.cc:(.text+0x1238): undefined reference to `TMatrixT<double>::Delete_m(int, double*&)'
sigma6barfunctions.o: In function `calc_sigmabars2_efficient(TMatrixT<double> const&, TMatrixT<double>, TMatrixT<double>&)':
sigma6barfunctions.cc:(.text+0x1387): undefined reference to `TMatrixTBase<double>::SetMatrixArray(double const*, char const*)'
sigma6barfunctions.cc:(.text+0x13bd): undefined reference to `TMatrixT<double> operator*<double>(TMatrixT<double> const&, TMatrixT<double> const&)'
sigma6barfunctions.cc:(.text+0x13cc): undefined reference to `TMatrixT<double>::operator=(TMatrixT<double> const&)'
sigma6barfunctions.cc:(.text+0x1417): undefined reference to `TObject::~TObject()'
sigma6barfunctions.cc:(.text+0x1427): undefined reference to `TMatrixT<double>::operator*=(double)'
sigma6barfunctions.cc:(.text+0x1465): undefined reference to `TMatrixT<double>::Delete_m(int, double*&)'
sigma6barfunctions.o: In function `calc_sigmabars2_error(TMatrixT<double> const&, TMatrixT<double> const&, TMatrixT<double> const&, TMatrixT<double> const&, TMatrixT<double>&)':
sigma6barfunctions.cc:(.text+0x14f5): undefined reference to `TMatrixT<double>::TMatrixT(TMatrixT<double> const&)'
sigma6barfunctions.cc:(.text+0x1504): undefined reference to `TMatrixT<double>::Transpose(TMatrixT<double> const&)'
sigma6barfunctions.cc:(.text+0x151a): undefined reference to `TMatrixT<double> operator*<double>(TMatrixT<double> const&, TMatrixT<double> const&)'
sigma6barfunctions.cc:(.text+0x1528): undefined reference to `TMatrixT<double>::Invert(double*)'
sigma6barfunctions.cc:(.text+0x1542): undefined reference to `TMatrixT<double> operator*<double>(TMatrixT<double> const&, TMatrixT<double> const&)'
sigma6barfunctions.cc:(.text+0x1726): undefined reference to `TObject::~TObject()'
sigma6barfunctions.cc:(.text+0x176b): undefined reference to `TObject::~TObject()'
sigma6barfunctions.cc:(.text+0x17b0): undefined reference to `TObject::~TObject()'
sigma6barfunctions.cc:(.text+0x1824): undefined reference to `TMatrixT<double>::Delete_m(int, double*&)'
sigma6barfunctions.cc:(.text+0x1849): undefined reference to `TMatrixT<double>::Delete_m(int, double*&)'
sigma6barfunctions.cc:(.text+0x186e): undefined reference to `TMatrixT<double>::Delete_m(int, double*&)'
sigma6barfunctions.o: In function `_GLOBAL__sub_I_sigma6barfunctions.cc':
sigma6barfunctions.cc:(.text.startup+0x3b): undefined reference to `TVersionCheck::TVersionCheck(int)'
collect2: ld returned 1 exit status
make: *** [6barmethod] Error 1
