This is pdfTeX, Version 3.1415926-1.40.10 (TeX Live 2009/Debian) (format=pdflatex 2012.5.20)  10 MAY 2015 13:45
entering extended mode
 %&-line parsing enabled.
**note-ftof-err-ana.tex
(./note-ftof-err-ana.tex
LaTeX2e <2009/09/24>
Babel <v3.8l> and hyphenation patterns for english, usenglishmax, dumylang, noh
yphenation, loaded.
(/usr/share/texmf-texlive/tex/latex/base/article.cls
Document Class: article 2007/10/19 v1.4h Standard LaTeX document class
(/usr/share/texmf-texlive/tex/latex/base/size12.clo
File: size12.clo 2007/10/19 v1.4h Standard LaTeX file (size option)
)
\c@part=\count79
\c@section=\count80
\c@subsection=\count81
\c@subsubsection=\count82
\c@paragraph=\count83
\c@subparagraph=\count84
\c@figure=\count85
\c@table=\count86
\abovecaptionskip=\skip41
\belowcaptionskip=\skip42
\bibindent=\dimen102
)
(/usr/share/texmf-texlive/tex/latex/hyperref/hyperref.sty
Package: hyperref 2009/10/09 v6.79a Hypertext links for LaTeX

(/usr/share/texmf-texlive/tex/latex/graphics/keyval.sty
Package: keyval 1999/03/16 v1.13 key=value parser (DPC)
\KV@toks@=\toks14
)
(/usr/share/texmf-texlive/tex/generic/oberdiek/ifpdf.sty
Package: ifpdf 2009/04/10 v2.0 Provides the ifpdf switch (HO)
Package ifpdf Info: pdfTeX in pdf mode detected.
)
(/usr/share/texmf-texlive/tex/generic/oberdiek/ifvtex.sty
Package: ifvtex 2008/11/04 v1.4 Switches for detecting VTeX and its modes (HO)
Package ifvtex Info: VTeX not detected.
)
(/usr/share/texmf-texlive/tex/generic/ifxetex/ifxetex.sty
Package: ifxetex 2009/01/23 v0.5 Provides ifxetex conditional
)
(/usr/share/texmf-texlive/tex/latex/oberdiek/hycolor.sty
Package: hycolor 2009/10/02 v1.5 Code for color options of hyperref/bookmark (H
O)

(/usr/share/texmf-texlive/tex/latex/oberdiek/xcolor-patch.sty
Package: xcolor-patch 2009/10/02 xcolor patch
))
\@linkdim=\dimen103
\Hy@linkcounter=\count87
\Hy@pagecounter=\count88

(/usr/share/texmf-texlive/tex/latex/hyperref/pd1enc.def
File: pd1enc.def 2009/10/09 v6.79a Hyperref: PDFDocEncoding definition (HO)
)
(/usr/share/texmf-texlive/tex/generic/oberdiek/etexcmds.sty
Package: etexcmds 2007/12/12 v1.2 Prefix for e-TeX command names (HO)

(/usr/share/texmf-texlive/tex/generic/oberdiek/infwarerr.sty
Package: infwarerr 2007/09/09 v1.2 Providing info/warning/message (HO)
)
Package etexcmds Info: Could not find \expanded.
(etexcmds)             That can mean that you are not using pdfTeX 1.50 or
(etexcmds)             that some package has redefined \expanded.
(etexcmds)             In the latter case, load this package earlier.
)
(/usr/share/texmf-texlive/tex/latex/latexconfig/hyperref.cfg
File: hyperref.cfg 2002/06/06 v1.2 hyperref configuration of TeXLive
)
(/usr/share/texmf-texlive/tex/latex/oberdiek/kvoptions.sty
Package: kvoptions 2009/08/13 v3.4 Keyval support for LaTeX options (HO)

(/usr/share/texmf-texlive/tex/generic/oberdiek/kvsetkeys.sty
Package: kvsetkeys 2009/07/30 v1.5 Key value parser with default handler suppor
t (HO)
))
Package hyperref Info: Hyper figures OFF on input line 2975.
Package hyperref Info: Link nesting OFF on input line 2980.
Package hyperref Info: Hyper index ON on input line 2983.
Package hyperref Info: Plain pages OFF on input line 2990.
Package hyperref Info: Backreferencing OFF on input line 2995.

Implicit mode ON; LaTeX internals redefined
Package hyperref Info: Bookmarks ON on input line 3191.
(/usr/share/texmf-texlive/tex/latex/ltxmisc/url.sty
\Urlmuskip=\muskip10
Package: url 2006/04/12  ver 3.3  Verb mode for urls, etc.
)
LaTeX Info: Redefining \url on input line 3428.

(/usr/share/texmf-texlive/tex/generic/oberdiek/bitset.sty
Package: bitset 2007/09/28 v1.0 Data type bit set (HO)

(/usr/share/texmf-texlive/tex/generic/oberdiek/intcalc.sty
Package: intcalc 2007/09/27 v1.1 Expandable integer calculations (HO)
)
(/usr/share/texmf-texlive/tex/generic/oberdiek/bigintcalc.sty
Package: bigintcalc 2007/11/11 v1.1 Expandable big integer calculations (HO)

(/usr/share/texmf-texlive/tex/generic/oberdiek/pdftexcmds.sty
Package: pdftexcmds 2009/09/23 v0.6 LuaTeX support for pdfTeX utility functions
 (HO)

(/usr/share/texmf-texlive/tex/generic/oberdiek/ifluatex.sty
Package: ifluatex 2009/04/17 v1.2 Provides the ifluatex switch (HO)
Package ifluatex Info: LuaTeX not detected.
)
(/usr/share/texmf-texlive/tex/generic/oberdiek/ltxcmds.sty
Package: ltxcmds 2009/08/05 v1.0 Some LaTeX kernel commands for general use (HO
)
)
Package pdftexcmds Info: LuaTeX not detected.
Package pdftexcmds Info: \pdf@primitive is available.
Package pdftexcmds Info: \pdf@ifprimitive is available.
)))
\Fld@menulength=\count89
\Field@Width=\dimen104
\Fld@charsize=\dimen105
\Field@toks=\toks15
Package hyperref Info: Hyper figures OFF on input line 4377.
Package hyperref Info: Link nesting OFF on input line 4382.
Package hyperref Info: Hyper index ON on input line 4385.
Package hyperref Info: backreferencing OFF on input line 4392.
Package hyperref Info: Link coloring OFF on input line 4397.
Package hyperref Info: Link coloring with OCG OFF on input line 4402.
Package hyperref Info: PDF/A mode OFF on input line 4407.

(/usr/share/texmf-texlive/tex/generic/oberdiek/atbegshi.sty
Package: atbegshi 2008/07/31 v1.9 At begin shipout hook (HO)
)
\Hy@abspage=\count90
\c@Item=\count91
\c@Hfootnote=\count92
)
*hyperref using default driver hpdftex*
(/usr/share/texmf-texlive/tex/latex/hyperref/hpdftex.def
File: hpdftex.def 2009/10/09 v6.79a Hyperref driver for pdfTeX
\Fld@listcount=\count93
)
(/usr/share/texmf-texlive/tex/latex/cite/cite.sty
LaTeX Info: Redefining \cite on input line 285.
LaTeX Info: Redefining \nocite on input line 356.
Package: cite 2009/08/29  v 5.2
)
(/usr/share/texmf-texlive/tex/latex/graphics/graphicx.sty
Package: graphicx 1999/02/16 v1.0f Enhanced LaTeX Graphics (DPC,SPQR)

(/usr/share/texmf-texlive/tex/latex/graphics/graphics.sty
Package: graphics 2009/02/05 v1.0o Standard LaTeX Graphics (DPC,SPQR)

(/usr/share/texmf-texlive/tex/latex/graphics/trig.sty
Package: trig 1999/03/16 v1.09 sin cos tan (DPC)
)
(/etc/texmf/tex/latex/config/graphics.cfg
File: graphics.cfg 2009/08/28 v1.8 graphics configuration of TeX Live
)
Package graphics Info: Driver file: pdftex.def on input line 91.

(/usr/share/texmf-texlive/tex/latex/pdftex-def/pdftex.def
File: pdftex.def 2010/03/12 v0.04p Graphics/color for pdfTeX
\Gread@gobject=\count94
))
\Gin@req@height=\dimen106
\Gin@req@width=\dimen107
)
(/usr/share/texmf-texlive/tex/latex/graphics/epsfig.sty
Package: epsfig 1999/02/16 v1.7a (e)psfig emulation (SPQR)
\epsfxsize=\dimen108
\epsfysize=\dimen109
)
(/usr/share/texmf-texlive/tex/latex/oberdiek/epstopdf.sty
Package: epstopdf 2009/10/17 v2.4 Conversion with epstopdf on the fly (HO)

(/usr/share/texmf-texlive/tex/latex/oberdiek/epstopdf-base.sty
Package: epstopdf-base 2009/10/17 v2.4 Base part for package epstopdf

(/usr/share/texmf-texlive/tex/latex/oberdiek/grfext.sty
Package: grfext 2007/09/30 v1.0 Managing graphics extensions (HO)
)

Package epstopdf Warning: Shell escape feature is not enabled.

Package grfext Info: Graphics extension search list:
(grfext)             [.png,.pdf,.jpg,.mps,.jpeg,.jbig2,.jb2,.PNG,.PDF,.JPG,.JPE
G,.JBIG2,.JB2,.eps]
(grfext)             \AppendGraphicsExtensions on input line 433.
(/usr/share/texmf-texlive/tex/latex/latexconfig/epstopdf-sys.cfg
File: epstopdf-sys.cfg 2009/10/26 v1.1 Configuration of epstopdf for TeX Live
)))
(/usr/share/texmf-texlive/tex/latex/pstricks/pstricks.sty
Package: pstricks 2008/11/26 v0.40 LaTeX wrapper for `PSTricks' (RN,HV)

(/usr/share/texmf-texlive/tex/generic/pstricks/pstricks.tex
`PSTricks' v1.29  <2009/05/19> (tvz)
\pst@dima=\dimen110
\pst@dimb=\dimen111
\pst@dimc=\dimen112
\pst@dimd=\dimen113
\pst@dimg=\dimen114
\pst@dimh=\dimen115
\pst@hbox=\box26
\pst@boxg=\box27
\pst@cnta=\count95
\pst@cntb=\count96
\pst@cntc=\count97
\pst@cntd=\count98
\pst@cntg=\count99
\pst@cnth=\count100
\pst@toks=\toks16
(/usr/share/texmf-texlive/tex/generic/pstricks/pstricks.con)
\psunit=\dimen116
\psxunit=\dimen117
\psyunit=\dimen118
\pslinewidth=\dimen119
\pst@customdefs=\toks17
\pslinearc=\dimen120
\everypsbox=\toks18
\psframesep=\dimen121
\pslabelsep=\dimen122
\pst@shift=\dimen123
\theoverlaybox=\box28
)
File: pstricks.tex 2009/05/19 v1.29 `PSTricks' (tvz,hv)

(/usr/share/texmf/tex/latex/xcolor/xcolor.sty
Package: xcolor 2007/01/21 v2.11 LaTeX color extensions (UK)

(/etc/texmf/tex/latex/config/color.cfg
File: color.cfg 2007/01/18 v1.5 color configuration of teTeX/TeXLive
)
Package xcolor Info: Package option `pdf' ignored on input line 216.
Package xcolor Info: Driver file: pdftex.def on input line 225.
Package xcolor Info: Model `cmy' substituted by `cmy0' on input line 1337.
Package xcolor Info: Model `hsb' substituted by `rgb' on input line 1341.
Package xcolor Info: Model `RGB' extended on input line 1353.
Package xcolor Info: Model `HTML' substituted by `rgb' on input line 1355.
Package xcolor Info: Model `Hsb' substituted by `hsb' on input line 1356.
Package xcolor Info: Model `tHsb' substituted by `hsb' on input line 1357.
Package xcolor Info: Model `HSB' substituted by `hsb' on input line 1358.
Package xcolor Info: Model `Gray' substituted by `gray' on input line 1359.
Package xcolor Info: Model `wave' substituted by `hsb' on input line 1360.
))
(/usr/share/texmf-texlive/tex/latex/mh/mathtools.sty
Package: mathtools 2008/08/01 v1.06 mathematical typesetting tools (MH)

(/usr/share/texmf-texlive/tex/latex/tools/calc.sty
Package: calc 2007/08/22 v4.3 Infix arithmetic (KKT,FJ)
\calc@Acount=\count101
\calc@Bcount=\count102
\calc@Adimen=\dimen124
\calc@Bdimen=\dimen125
\calc@Askip=\skip43
\calc@Bskip=\skip44
LaTeX Info: Redefining \setlength on input line 76.
LaTeX Info: Redefining \addtolength on input line 77.
\calc@Ccount=\count103
\calc@Cskip=\skip45
)
(/usr/share/texmf-texlive/tex/latex/mh/mhsetup.sty
Package: mhsetup 2007/12/03 v1.2 programming setup (MH)
)
(/usr/share/texmf-texlive/tex/latex/amsmath/amsmath.sty
Package: amsmath 2000/07/18 v2.13 AMS math features
\@mathmargin=\skip46

For additional information on amsmath, use the `?' option.
(/usr/share/texmf-texlive/tex/latex/amsmath/amstext.sty
Package: amstext 2000/06/29 v2.01

(/usr/share/texmf-texlive/tex/latex/amsmath/amsgen.sty
File: amsgen.sty 1999/11/30 v2.0
\@emptytoks=\toks19
\ex@=\dimen126
))
(/usr/share/texmf-texlive/tex/latex/amsmath/amsbsy.sty
Package: amsbsy 1999/11/29 v1.2d
\pmbraise@=\dimen127
)
(/usr/share/texmf-texlive/tex/latex/amsmath/amsopn.sty
Package: amsopn 1999/12/14 v2.01 operator names
)
\inf@bad=\count104
LaTeX Info: Redefining \frac on input line 211.
\uproot@=\count105
\leftroot@=\count106
LaTeX Info: Redefining \overline on input line 307.
\classnum@=\count107
\DOTSCASE@=\count108
LaTeX Info: Redefining \ldots on input line 379.
LaTeX Info: Redefining \dots on input line 382.
LaTeX Info: Redefining \cdots on input line 467.
\Mathstrutbox@=\box29
\strutbox@=\box30
\big@size=\dimen128
LaTeX Font Info:    Redeclaring font encoding OML on input line 567.
LaTeX Font Info:    Redeclaring font encoding OMS on input line 568.
\macc@depth=\count109
\c@MaxMatrixCols=\count110
\dotsspace@=\muskip11
\c@parentequation=\count111
\dspbrk@lvl=\count112
\tag@help=\toks20
\row@=\count113
\column@=\count114
\maxfields@=\count115
\andhelp@=\toks21
\eqnshift@=\dimen129
\alignsep@=\dimen130
\tagshift@=\dimen131
\tagwidth@=\dimen132
\totwidth@=\dimen133
\lineht@=\dimen134
\@envbody=\toks22
\multlinegap=\skip47
\multlinetaggap=\skip48
\mathdisplay@stack=\toks23
LaTeX Info: Redefining \[ on input line 2666.
LaTeX Info: Redefining \] on input line 2667.
)
\g_MT_multlinerow_int=\count116
\l_MT_multwidth_dim=\dimen135
)
(/usr/share/texmf-texlive/tex/latex/float/float.sty
Package: float 2001/11/08 v1.3d Float enhancements (AL)
\c@float@type=\count117
\float@exts=\toks24
\float@box=\box31
\@float@everytoks=\toks25
\@floatcapt=\box32
)
\@float@every@table=\toks26
 (./note-ftof-err-ana.aux)
\openout1 = `note-ftof-err-ana.aux'.

LaTeX Font Info:    Checking defaults for OML/cmm/m/it on input line 31.
LaTeX Font Info:    ... okay on input line 31.
LaTeX Font Info:    Checking defaults for T1/cmr/m/n on input line 31.
LaTeX Font Info:    ... okay on input line 31.
LaTeX Font Info:    Checking defaults for OT1/cmr/m/n on input line 31.
LaTeX Font Info:    ... okay on input line 31.
LaTeX Font Info:    Checking defaults for OMS/cmsy/m/n on input line 31.
LaTeX Font Info:    ... okay on input line 31.
LaTeX Font Info:    Checking defaults for OMX/cmex/m/n on input line 31.
LaTeX Font Info:    ... okay on input line 31.
LaTeX Font Info:    Checking defaults for U/cmr/m/n on input line 31.
LaTeX Font Info:    ... okay on input line 31.
LaTeX Font Info:    Checking defaults for PD1/pdf/m/n on input line 31.
LaTeX Font Info:    ... okay on input line 31.
Package hyperref Info: Link coloring OFF on input line 31.

(/usr/share/texmf-texlive/tex/latex/hyperref/nameref.sty
Package: nameref 2007/05/29 v2.31 Cross-referencing by name of section

(/usr/share/texmf-texlive/tex/latex/oberdiek/refcount.sty
Package: refcount 2008/08/11 v3.1 Data extraction from references (HO)
)
\c@section@level=\count118
)
LaTeX Info: Redefining \ref on input line 31.
LaTeX Info: Redefining \pageref on input line 31.

(./note-ftof-err-ana.out) (./note-ftof-err-ana.out)
\@outlinefile=\write3
\openout3 = `note-ftof-err-ana.out'.

\AtBeginShipoutBox=\box33

(/usr/share/texmf-texlive/tex/context/base/supp-pdf.mkii
[Loading MPS to PDF converter (version 2006.09.02).]
\scratchcounter=\count119
\scratchdimen=\dimen136
\scratchbox=\box34
\nofMPsegments=\count120
\nofMParguments=\count121
\everyMPshowfont=\toks27
\MPscratchCnt=\count122
\MPscratchDim=\dimen137
\MPnumerator=\count123
\everyMPtoPDFconversion=\toks28
)

LaTeX Warning: No \author given.

<bar_stats_write-up_N-vs-p.pdf, id=11, 1445.4pt x 578.16pt>
File: bar_stats_write-up_N-vs-p.pdf Graphic file (type pdf)

<use bar_stats_write-up_N-vs-p.pdf> [1
Non-PDF special ignored!
Non-PDF special ignored!
Non-PDF special ignored!

{/var/lib/texmf/fonts/map/pdftex/updmap/pdftex.map}]
<fit-comp_MU-190_SG-1_fit-opt-L_binw-025.pdf, id=25, 1445.4pt x 578.16pt>
File: fit-comp_MU-190_SG-1_fit-opt-L_binw-025.pdf Graphic file (type pdf)

<use fit-comp_MU-190_SG-1_fit-opt-L_binw-025.pdf>
<fit-comp_MU-190_SG-3_fit-opt-L_binw-025.pdf, id=26, 1445.4pt x 578.16pt>
File: fit-comp_MU-190_SG-3_fit-opt-L_binw-025.pdf Graphic file (type pdf)

<use fit-comp_MU-190_SG-3_fit-opt-L_binw-025.pdf>
<fit-comp_MU-190_SG-5_fit-opt-L_binw-025.pdf, id=27, 1445.4pt x 578.16pt>
File: fit-comp_MU-190_SG-5_fit-opt-L_binw-025.pdf Graphic file (type pdf)

<use fit-comp_MU-190_SG-5_fit-opt-L_binw-025.pdf>
Overfull \hbox (7.4752pt too wide) in paragraph at lines 64--69
[][]
 []


Overfull \hbox (7.4752pt too wide) in paragraph at lines 64--69
[]
 []


Overfull \hbox (7.4752pt too wide) in paragraph at lines 64--69
[]
 []


LaTeX Warning: Float too large for page by 37.52364pt on input line 71.

[2pdfTeX warning (ext4): destination with the same identifier (name{figure.1}) 
has been already used, duplicate ignored

\AtBegShi@Output ...ipout \box \AtBeginShipoutBox 
                                                  \fi \fi 
l.73 \clearpage
                <./bar_stats_write-up_N-vs-p.pdf>] [3pdfTeX warning (ext4): des
tination with the same identifier (name{figure.2}) has been already used, dupli
cate ignored

\AtBegShi@Output ...ipout \box \AtBeginShipoutBox 
                                                  \fi \fi 
l.73 \clearpage
                <./fit-comp_MU-190_SG-1_fit-opt-L_binw-025.pdf> <./fit-comp_MU-
190_SG-3_fit-opt-L_binw-025.pdf> <./fit-comp_MU-190_SG-5_fit-opt-L_binw-025.pdf
>] <fit-comp_MU-190_SG-1_fit-opt-WW_binw-025.pdf, id=233, 1445.4pt x 578.16pt>
File: fit-comp_MU-190_SG-1_fit-opt-WW_binw-025.pdf Graphic file (type pdf)

<use fit-comp_MU-190_SG-1_fit-opt-WW_binw-025.pdf>
<fit-comp_MU-190_SG-3_fit-opt-WW_binw-025.pdf, id=234, 1445.4pt x 578.16pt>
File: fit-comp_MU-190_SG-3_fit-opt-WW_binw-025.pdf Graphic file (type pdf)

<use fit-comp_MU-190_SG-3_fit-opt-WW_binw-025.pdf>
<fit-comp_MU-190_SG-5_fit-opt-WW_binw-025.pdf, id=235, 1445.4pt x 578.16pt>
File: fit-comp_MU-190_SG-5_fit-opt-WW_binw-025.pdf Graphic file (type pdf)

<use fit-comp_MU-190_SG-5_fit-opt-WW_binw-025.pdf>
Overfull \hbox (7.4752pt too wide) in paragraph at lines 78--83
[][]
 []


Overfull \hbox (7.4752pt too wide) in paragraph at lines 78--83
[]
 []


Overfull \hbox (7.4752pt too wide) in paragraph at lines 78--83
[]
 []


LaTeX Warning: Float too large for page by 50.82362pt on input line 85.

[4

] [5pdfTeX warning (ext4): destination with the same identifier (name{figure.3}
) has been already used, duplicate ignored

\AtBegShi@Output ...ipout \box \AtBeginShipoutBox 
                                                  \fi \fi 
l.87 \clearpage
                <./fit-comp_MU-190_SG-1_fit-opt-WW_binw-025.pdf> <./fit-comp_MU
-190_SG-3_fit-opt-WW_binw-025.pdf> <./fit-comp_MU-190_SG-5_fit-opt-WW_binw-025.
pdf>]
LaTeX Font Info:    Try loading font information for OMS+cmr on input line 92.
 (/usr/share/texmf-texlive/tex/latex/base/omscmr.fd
File: omscmr.fd 1999/05/25 v2.5h Standard LaTeX font definitions
)
LaTeX Font Info:    Font shape `OMS/cmr/m/n' in size <12> not available
(Font)              Font shape `OMS/cmsy/m/n' tried instead on input line 92.

<placeholder.pdf, id=404, 400.49625pt x 400.49625pt>
File: placeholder.pdf Graphic file (type pdf)
 <use placeholder.pdf>
Overfull \hbox (7.50694pt too wide) in paragraph at lines 100--101
[][]
 []

[6

pdfTeX warning (ext4): destination with the same identifier (name{figure.4}) ha
s been already used, duplicate ignored

\AtBegShi@Output ...ipout \box \AtBeginShipoutBox 
                                                  \fi \fi 
l.106 
       <./placeholder.pdf>]
<err_res_2_3_4_pointXX_cont.pdf, id=416, 1445.4pt x 361.35pt>
File: err_res_2_3_4_pointXX_cont.pdf Graphic file (type pdf)

<use err_res_2_3_4_pointXX_cont.pdf>
Overfull \hbox (7.4752pt too wide) in paragraph at lines 110--111
[][]
 []

<bar_stats_averages.pdf, id=417, 1445.4pt x 578.16pt>
File: bar_stats_averages.pdf Graphic file (type pdf)

<use bar_stats_averages.pdf>
Overfull \hbox (43.62335pt too wide) in paragraph at lines 118--119
[][]
 []

[7pdfTeX warning (ext4): destination with the same identifier (name{figure.5}) 
has been already used, duplicate ignored

\AtBegShi@Output ...ipout \box \AtBeginShipoutBox 
                                                  \fi \fi 
l.123 \clearpage
                 <./err_res_2_3_4_pointXX_cont.pdf>] [8pdfTeX warning (ext4): d
estination with the same identifier (name{figure.6}) has been already used, dup
licate ignored

\AtBegShi@Output ...ipout \box \AtBeginShipoutBox 
                                                  \fi \fi 
l.123 \clearpage
                 <./bar_stats_averages.pdf>]
<avg-res_avg-atl_vs_length-2.pdf, id=489, 3975.95422pt x 1807.25188pt>
File: avg-res_avg-atl_vs_length-2.pdf Graphic file (type pdf)

<use avg-res_avg-atl_vs_length-2.pdf>
<att-length-2.pdf, id=490, 3975.95422pt x 1807.25188pt>
File: att-length-2.pdf Graphic file (type pdf)
 <use att-length-2.pdf>
Overfull \hbox (43.5949pt too wide) in paragraph at lines 135--136
[][]
 []

No file note-ftof-err-ana.bbl.
[9

pdfTeX warning (ext4): destination with the same identifier (name{figure.7}) ha
s been already used, duplicate ignored

\AtBegShi@Output ...ipout \box \AtBeginShipoutBox 
                                                  \fi \fi 
l.158 \end{document}
                     <./avg-res_avg-atl_vs_length-2.pdf>] [10pdfTeX warning (ex
t4): destination with the same identifier (name{figure.8}) has been already use
d, duplicate ignored

\AtBegShi@Output ...ipout \box \AtBeginShipoutBox 
                                                  \fi \fi 
l.158 \end{document}
                     <./att-length-2.pdf>] (./note-ftof-err-ana.aux) ) 
Here is how much of TeX's memory you used:
 6923 strings out of 495061
 96590 string characters out of 1182621
 185366 words of memory out of 3000000
 9964 multiletter control sequences out of 15000+50000
 9319 words of font info for 34 fonts, out of 3000000 for 9000
 28 hyphenation exceptions out of 8191
 38i,8n,37p,1159b,326s stack positions out of 5000i,500n,10000p,200000b,50000s
</usr/sha
re/texmf-texlive/fonts/type1/public/amsfonts/cm/cmbx12.pfb></usr/share/texmf-te
xlive/fonts/type1/public/amsfonts/cm/cmmi12.pfb></usr/share/texmf-texlive/fonts
/type1/public/amsfonts/cm/cmmi8.pfb></usr/share/texmf-texlive/fonts/type1/publi
c/amsfonts/cm/cmr12.pfb></usr/share/texmf-texlive/fonts/type1/public/amsfonts/c
m/cmr17.pfb></usr/share/texmf-texlive/fonts/type1/public/amsfonts/cm/cmr8.pfb><
/usr/share/texmf-texlive/fonts/type1/public/amsfonts/cm/cmsy10.pfb></usr/share/
texmf-texlive/fonts/type1/public/amsfonts/cm/cmsy8.pfb>
Output written on note-ftof-err-ana.pdf (10 pages, 1412092 bytes).
PDF statistics:
 546 PDF objects out of 1000 (max. 8388607)
 24 named destinations out of 1000 (max. 500000)
 77 words of extra memory for PDF output out of 10000 (max. 10000000)

